{"level":"info","message":"Database connected successfully","timestamp":"2025-09-28 09:04:18"}
{"level":"info","message":"server is running at http://localhost:5000","timestamp":"2025-09-28 09:04:18"}
{"level":"info","message":"Database connected successfully","timestamp":"2025-09-28 11:51:37"}
{"level":"info","message":"server is running at http://localhost:5000","timestamp":"2025-09-28 11:51:37"}
{"level":"info","message":"Database connected successfully","timestamp":"2025-09-28 11:54:08"}
{"level":"info","message":"server is running at http://localhost:5000","timestamp":"2025-09-28 11:54:08"}
{"level":"info","message":"Database connected successfully","timestamp":"2025-09-28 11:55:58"}
{"level":"info","message":"server is running at http://localhost:5000","timestamp":"2025-09-28 11:55:58"}
{"level":"info","message":"Database connected successfully","timestamp":"2025-09-28 11:56:28"}
{"level":"info","message":"server is running at http://localhost:5000","timestamp":"2025-09-28 11:56:28"}
{"level":"info","message":"Database connected successfully","timestamp":"2025-09-28 11:58:35"}
{"level":"info","message":"server is running at http://localhost:5000","timestamp":"2025-09-28 11:58:35"}
{"level":"info","message":"Database connected successfully","timestamp":"2025-09-28 12:00:14"}
{"level":"info","message":"server is running at http://localhost:5000","timestamp":"2025-09-28 12:00:14"}
{"level":"info","message":"Database connected successfully","timestamp":"2025-09-28 12:01:08"}
{"level":"info","message":"server is running at http://localhost:5000","timestamp":"2025-09-28 12:01:08"}
{"level":"info","message":"Database connected successfully","timestamp":"2025-09-28 12:05:25"}
{"level":"info","message":"server is running at http://localhost:5000","timestamp":"2025-09-28 12:05:25"}
{"level":"info","message":"Database connected successfully","timestamp":"2025-09-28 12:09:11"}
{"level":"info","message":"server is running at http://localhost:5000","timestamp":"2025-09-28 12:09:11"}
{"level":"info","message":"Database connected successfully","timestamp":"2025-09-28 12:10:44"}
{"level":"info","message":"server is running at http://localhost:5000","timestamp":"2025-09-28 12:10:44"}
{"level":"info","message":"Database connected successfully","timestamp":"2025-09-28 12:20:34"}
{"level":"info","message":"server is running at http://localhost:5000","timestamp":"2025-09-28 12:20:34"}
{"level":"info","message":"Database connected successfully","timestamp":"2025-09-28 12:23:09"}
{"level":"info","message":"server is running at http://localhost:5000","timestamp":"2025-09-28 12:23:09"}
{"level":"info","message":"Database connected successfully","timestamp":"2025-09-28 12:24:44"}
{"level":"info","message":"server is running at http://localhost:5000","timestamp":"2025-09-28 12:24:44"}
{"level":"info","message":"Database connected successfully","timestamp":"2025-09-28 12:26:25"}
{"level":"info","message":"server is running at http://localhost:5000","timestamp":"2025-09-28 12:26:25"}
{"level":"info","message":"Database connected successfully","timestamp":"2025-09-28 12:26:54"}
{"level":"info","message":"server is running at http://localhost:5000","timestamp":"2025-09-28 12:26:54"}
{"level":"info","message":"Database connected successfully","timestamp":"2025-09-28 12:27:21"}
{"level":"info","message":"server is running at http://localhost:5000","timestamp":"2025-09-28 12:27:21"}
{"level":"info","message":"Database connected successfully","timestamp":"2025-09-28 12:27:39"}
{"level":"info","message":"server is running at http://localhost:5000","timestamp":"2025-09-28 12:27:39"}
{"level":"info","message":"Database connected successfully","timestamp":"2025-09-28 12:27:45"}
{"level":"info","message":"server is running at http://localhost:5000","timestamp":"2025-09-28 12:27:45"}
{"level":"info","message":"Database connected successfully","timestamp":"2025-09-28 12:27:48"}
{"level":"info","message":"server is running at http://localhost:5000","timestamp":"2025-09-28 12:27:48"}
{"level":"info","message":"Database connected successfully","timestamp":"2025-09-28 12:29:08"}
{"level":"info","message":"server is running at http://localhost:5000","timestamp":"2025-09-28 12:29:08"}
{"level":"info","message":"Database connected successfully","timestamp":"2025-09-28 12:44:32"}
{"level":"info","message":"server is running at http://localhost:5000","timestamp":"2025-09-28 12:44:32"}
{"level":"info","message":"Database connected successfully","timestamp":"2025-09-28 18:25:29"}
{"level":"info","message":"server is running at http://localhost:5000","timestamp":"2025-09-28 18:25:29"}
{"level":"info","message":"Database connected successfully","timestamp":"2025-09-28 18:29:26"}
{"level":"info","message":"server is running at http://localhost:5000","timestamp":"2025-09-28 18:29:26"}
{"level":"info","message":"Database connected successfully","timestamp":"2025-09-28 18:34:22"}
{"level":"info","message":"server is running at http://localhost:5000","timestamp":"2025-09-28 18:34:22"}
{"level":"info","message":"Database connected successfully","timestamp":"2025-09-28 18:35:26"}
{"level":"info","message":"server is running at http://localhost:5000","timestamp":"2025-09-28 18:35:26"}
{"level":"info","message":"Database connected successfully","timestamp":"2025-09-28 18:39:14"}
{"level":"info","message":"server is running at http://localhost:5000","timestamp":"2025-09-28 18:39:14"}
{"level":"info","message":"Database connected successfully","timestamp":"2025-09-28 18:39:41"}
{"level":"info","message":"server is running at http://localhost:5000","timestamp":"2025-09-28 18:39:41"}
{"level":"info","message":"Database connected successfully","timestamp":"2025-09-28 19:01:25"}
{"level":"info","message":"server is running at http://localhost:5000","timestamp":"2025-09-28 19:01:25"}
{"level":"info","message":"Database connected successfully","timestamp":"2025-09-28 19:08:40"}
{"level":"info","message":"server is running at http://localhost:5000","timestamp":"2025-09-28 19:08:40"}
{"level":"info","message":"Database connected successfully","timestamp":"2025-09-28 19:14:43"}
{"level":"info","message":"server is running at http://localhost:5000","timestamp":"2025-09-28 19:14:43"}
{"level":"info","message":"Database connected successfully","timestamp":"2025-09-28 19:16:54"}
{"level":"info","message":"server is running at http://localhost:5000","timestamp":"2025-09-28 19:16:54"}
{"level":"info","message":"Database connected successfully","timestamp":"2025-09-28 19:17:32"}
{"level":"info","message":"server is running at http://localhost:5000","timestamp":"2025-09-28 19:17:32"}
{"level":"info","message":"Database connected successfully","timestamp":"2025-09-28 19:18:24"}
{"level":"info","message":"server is running at http://localhost:5000","timestamp":"2025-09-28 19:18:24"}
{"level":"info","message":"Database connected successfully","timestamp":"2025-09-28 19:18:51"}
{"level":"info","message":"server is running at http://localhost:5000","timestamp":"2025-09-28 19:18:51"}
{"level":"info","message":"Database connected successfully","timestamp":"2025-09-28 19:19:25"}
{"level":"info","message":"server is running at http://localhost:5000","timestamp":"2025-09-28 19:19:25"}
{"level":"info","message":"Database connected successfully","timestamp":"2025-09-28 19:20:04"}
{"level":"info","message":"server is running at http://localhost:5000","timestamp":"2025-09-28 19:20:04"}
{"level":"info","message":"Database connected successfully","timestamp":"2025-09-28 19:29:34"}
{"level":"info","message":"server is running at http://localhost:5000","timestamp":"2025-09-28 19:29:34"}
{"level":"info","message":"Database connected successfully","timestamp":"2025-09-28 19:30:05"}
{"level":"info","message":"server is running at http://localhost:5000","timestamp":"2025-09-28 19:30:05"}
{"level":"info","message":"Database connected successfully","timestamp":"2025-09-28 19:31:24"}
{"level":"info","message":"server is running at http://localhost:5000","timestamp":"2025-09-28 19:31:24"}
{"level":"info","message":"Database connected successfully","timestamp":"2025-09-28 19:32:02"}
{"level":"info","message":"server is running at http://localhost:5000","timestamp":"2025-09-28 19:32:02"}
{"level":"info","message":"Database connected successfully","timestamp":"2025-09-28 19:32:36"}
{"level":"info","message":"server is running at http://localhost:5000","timestamp":"2025-09-28 19:32:36"}
{"level":"info","message":"Database connected successfully","timestamp":"2025-09-28 20:45:26"}
{"level":"info","message":"server is running at http://localhost:5000","timestamp":"2025-09-28 20:45:26"}
{"level":"info","message":"Database connected successfully","timestamp":"2025-09-28 20:47:19"}
{"level":"info","message":"server is running at http://localhost:5000","timestamp":"2025-09-28 20:47:19"}
{"level":"info","message":"Database connected successfully","timestamp":"2025-09-29 07:29:56"}
{"level":"info","message":"server is running at http://localhost:5000","timestamp":"2025-09-29 07:29:56"}
{"level":"info","message":"Database connected successfully","timestamp":"2025-09-29 07:32:03"}
{"level":"info","message":"server is running at http://localhost:5000","timestamp":"2025-09-29 07:32:03"}
{"level":"info","message":"Database connected successfully","timestamp":"2025-09-29 07:32:45"}
{"level":"info","message":"server is running at http://localhost:5000","timestamp":"2025-09-29 07:32:45"}
{"level":"info","message":"Database connected successfully","timestamp":"2025-09-29 07:35:52"}
{"level":"info","message":"server is running at http://localhost:5000","timestamp":"2025-09-29 07:35:52"}
{"level":"info","message":"Database connected successfully","timestamp":"2025-09-29 07:45:30"}
{"level":"info","message":"server is running at http://localhost:5000","timestamp":"2025-09-29 07:45:30"}
{"level":"info","message":"Database connected successfully","timestamp":"2025-09-29 07:48:02"}
{"level":"info","message":"server is running at http://localhost:5000","timestamp":"2025-09-29 07:48:02"}
{"level":"info","message":"Database connected successfully","timestamp":"2025-09-29 07:50:27"}
{"level":"info","message":"server is running at http://localhost:5000","timestamp":"2025-09-29 07:50:27"}
{"level":"info","message":"Database connected successfully","timestamp":"2025-09-29 07:51:44"}
{"level":"info","message":"server is running at http://localhost:5000","timestamp":"2025-09-29 07:51:44"}
{"level":"info","message":"Database connected successfully","timestamp":"2025-09-29 07:52:19"}
{"level":"info","message":"server is running at http://localhost:5000","timestamp":"2025-09-29 07:52:19"}
{"level":"info","message":"Database connected successfully","timestamp":"2025-09-29 08:12:16"}
{"level":"info","message":"server is running at http://localhost:5000","timestamp":"2025-09-29 08:12:16"}
{"level":"info","message":"Database connected successfully","timestamp":"2025-09-29 08:15:42"}
{"level":"info","message":"server is running at http://localhost:5000","timestamp":"2025-09-29 08:15:42"}
{"level":"info","message":"Database connected successfully","timestamp":"2025-09-29 08:17:49"}
{"level":"info","message":"server is running at http://localhost:5000","timestamp":"2025-09-29 08:17:49"}
{"level":"info","message":"Database connected successfully","timestamp":"2025-09-29 08:21:31"}
{"level":"info","message":"server is running at http://localhost:5000","timestamp":"2025-09-29 08:21:31"}
{"level":"info","message":"Database connected successfully","timestamp":"2025-09-29 08:22:12"}
{"level":"info","message":"server is running at http://localhost:5000","timestamp":"2025-09-29 08:22:12"}
{"level":"info","message":"Database connected successfully","timestamp":"2025-09-29 08:23:17"}
{"level":"info","message":"server is running at http://localhost:5000","timestamp":"2025-09-29 08:23:17"}
{"level":"info","message":"Database connected successfully","timestamp":"2025-09-29 08:29:14"}
{"level":"info","message":"server is running at http://localhost:5000","timestamp":"2025-09-29 08:29:14"}
{"level":"info","message":"Database connected successfully","timestamp":"2025-09-29 08:29:34"}
{"level":"info","message":"server is running at http://localhost:5000","timestamp":"2025-09-29 08:29:34"}
{"level":"info","message":"Database connected successfully","timestamp":"2025-09-29 08:33:03"}
{"level":"info","message":"server is running at http://localhost:5000","timestamp":"2025-09-29 08:33:03"}
{"level":"info","message":"Database connected successfully","timestamp":"2025-09-29 08:33:39"}
{"level":"info","message":"server is running at http://localhost:5000","timestamp":"2025-09-29 08:33:39"}
{"level":"info","message":"Database connected successfully","timestamp":"2025-09-29 10:23:38"}
{"level":"info","message":"server is running at http://localhost:5000","timestamp":"2025-09-29 10:23:38"}
{"level":"info","message":"Database connected successfully","timestamp":"2025-09-29 10:25:53"}
{"level":"info","message":"server is running at http://localhost:5000","timestamp":"2025-09-29 10:25:53"}
{"level":"info","message":"Database connected successfully","timestamp":"2025-09-29 10:26:03"}
{"level":"info","message":"server is running at http://localhost:5000","timestamp":"2025-09-29 10:26:03"}
{"level":"info","message":"Database connected successfully","timestamp":"2025-09-29 10:31:25"}
{"level":"info","message":"server is running at http://localhost:5000","timestamp":"2025-09-29 10:31:25"}
{"level":"info","message":"Database connected successfully","timestamp":"2025-09-29 10:38:54"}
{"level":"info","message":"server is running at http://localhost:5000","timestamp":"2025-09-29 10:38:54"}
{"level":"info","message":"Database connected successfully","timestamp":"2025-09-29 10:39:39"}
{"level":"info","message":"server is running at http://localhost:5000","timestamp":"2025-09-29 10:39:39"}
{"level":"info","message":"Database connected successfully","timestamp":"2025-09-29 10:39:53"}
{"level":"info","message":"server is running at http://localhost:5000","timestamp":"2025-09-29 10:39:53"}
{"level":"info","message":"Database connected successfully","timestamp":"2025-09-29 10:41:05"}
{"level":"info","message":"server is running at http://localhost:5000","timestamp":"2025-09-29 10:41:05"}
{"level":"info","message":"Database connected successfully","timestamp":"2025-09-29 10:41:46"}
{"level":"info","message":"server is running at http://localhost:5000","timestamp":"2025-09-29 10:41:46"}
{"level":"info","message":"Database connected successfully","timestamp":"2025-09-29 10:42:32"}
{"level":"info","message":"server is running at http://localhost:5000","timestamp":"2025-09-29 10:42:32"}
{"level":"info","message":"Database connected successfully","timestamp":"2025-09-29 10:47:46"}
{"level":"info","message":"server is running at http://localhost:5000","timestamp":"2025-09-29 10:47:46"}
{"level":"info","message":"Database connected successfully","timestamp":"2025-09-29 10:49:44"}
{"level":"info","message":"server is running at http://localhost:5000","timestamp":"2025-09-29 10:49:44"}
{"level":"info","message":"Database connected successfully","timestamp":"2025-09-29 10:53:11"}
{"level":"info","message":"server is running at http://localhost:5000","timestamp":"2025-09-29 10:53:11"}
{"level":"info","message":"Database connected successfully","timestamp":"2025-09-29 12:37:33"}
{"level":"info","message":"server is running at http://localhost:5000","timestamp":"2025-09-29 12:37:33"}
{"level":"info","message":"Database connected successfully","timestamp":"2025-09-29 16:10:43"}
{"level":"info","message":"server is running at http://localhost:5000","timestamp":"2025-09-29 16:10:43"}
{"level":"info","message":"Database connected successfully","timestamp":"2025-09-29 16:11:21"}
{"level":"info","message":"server is running at http://localhost:5000","timestamp":"2025-09-29 16:11:21"}
{"level":"info","message":"Database connected successfully","timestamp":"2025-09-29 16:14:12"}
{"level":"info","message":"server is running at http://localhost:5000","timestamp":"2025-09-29 16:14:12"}
{"level":"info","message":"Database connected successfully","timestamp":"2025-09-29 16:15:24"}
{"level":"info","message":"server is running at http://localhost:5000","timestamp":"2025-09-29 16:15:24"}
{"level":"info","message":"Database connected successfully","timestamp":"2025-09-29 16:15:59"}
{"level":"info","message":"server is running at http://localhost:5000","timestamp":"2025-09-29 16:15:59"}
{"level":"info","message":"Database connected successfully","timestamp":"2025-09-29 20:36:14"}
{"level":"info","message":"server is running at http://localhost:5000","timestamp":"2025-09-29 20:36:14"}
{"level":"info","message":"Database connected successfully","timestamp":"2025-09-30 08:23:37"}
{"level":"info","message":"server is running at http://localhost:5000","timestamp":"2025-09-30 08:23:37"}
{"level":"info","message":"Database connected successfully","timestamp":"2025-09-30 08:27:02"}
{"level":"info","message":"server is running at http://localhost:5000","timestamp":"2025-09-30 08:27:02"}
{"level":"info","message":"Database connected successfully","timestamp":"2025-09-30 08:30:01"}
{"level":"info","message":"server is running at http://localhost:5000","timestamp":"2025-09-30 08:30:01"}
{"level":"info","message":"Database connected successfully","timestamp":"2025-09-30 11:12:08"}
{"level":"info","message":"server is running at http://localhost:5000","timestamp":"2025-09-30 11:12:08"}
{"level":"info","message":"Database connected successfully","timestamp":"2025-09-30 11:13:22"}
{"level":"info","message":"server is running at http://localhost:5000","timestamp":"2025-09-30 11:13:22"}
{"level":"info","message":"Database connected successfully","timestamp":"2025-09-30 11:30:46"}
{"level":"info","message":"server is running at http://localhost:5000","timestamp":"2025-09-30 11:30:46"}
{"level":"info","message":"Database connected successfully","timestamp":"2025-09-30 11:32:12"}
{"level":"info","message":"server is running at http://localhost:5000","timestamp":"2025-09-30 11:32:12"}
{"level":"info","message":"Database connected successfully","timestamp":"2025-09-30 11:32:41"}
{"level":"info","message":"server is running at http://localhost:5000","timestamp":"2025-09-30 11:32:41"}
{"level":"info","message":"Database connected successfully","timestamp":"2025-09-30 11:34:42"}
{"level":"info","message":"server is running at http://localhost:5000","timestamp":"2025-09-30 11:34:42"}
{"level":"info","message":"Database connected successfully","timestamp":"2025-09-30 11:42:36"}
{"level":"info","message":"server is running at http://localhost:5000","timestamp":"2025-09-30 11:42:36"}
{"level":"info","message":"Database connected successfully","timestamp":"2025-09-30 11:52:36"}
{"level":"info","message":"server is running at http://localhost:5000","timestamp":"2025-09-30 11:52:36"}
{"level":"info","message":"Database connected successfully","timestamp":"2025-09-30 11:52:48"}
{"level":"info","message":"server is running at http://localhost:5000","timestamp":"2025-09-30 11:52:48"}
{"level":"info","message":"Database connected successfully","timestamp":"2025-09-30 11:53:50"}
{"level":"info","message":"server is running at http://localhost:5000","timestamp":"2025-09-30 11:53:50"}
{"level":"info","message":"Database connected successfully","timestamp":"2025-09-30 11:54:04"}
{"level":"info","message":"server is running at http://localhost:5000","timestamp":"2025-09-30 11:54:04"}
{"level":"info","message":"Database connected successfully","timestamp":"2025-09-30 14:37:48"}
{"level":"info","message":"server is running at http://localhost:5000","timestamp":"2025-09-30 14:37:48"}
{"level":"info","message":"Database connected successfully","timestamp":"2025-09-30 14:40:47"}
{"level":"info","message":"server is running at http://localhost:5000","timestamp":"2025-09-30 14:40:47"}
{"level":"info","message":"Database connected successfully","timestamp":"2025-09-30 15:52:30"}
{"level":"info","message":"server is running at http://localhost:5000","timestamp":"2025-09-30 15:52:30"}
{"level":"info","message":"Database connected successfully","timestamp":"2025-10-05 14:48:37"}
{"level":"info","message":"server is running at http://localhost:5000","timestamp":"2025-10-05 14:48:37"}
{"level":"info","message":"Database connected successfully","timestamp":"2025-10-05 14:58:54"}
{"level":"info","message":"server is running at http://localhost:5000","timestamp":"2025-10-05 14:58:54"}
{"level":"info","message":"Database connected successfully","timestamp":"2025-10-05 14:59:04"}
{"level":"info","message":"server is running at http://localhost:5000","timestamp":"2025-10-05 14:59:04"}
{"level":"info","message":"Database connected successfully","timestamp":"2025-10-05 15:01:40"}
{"level":"info","message":"server is running at http://localhost:5000","timestamp":"2025-10-05 15:01:40"}
{"level":"info","message":"Database connected successfully","timestamp":"2025-10-05 15:06:27"}
{"level":"info","message":"server is running at http://localhost:5000","timestamp":"2025-10-05 15:06:27"}
{"level":"info","message":"Database connected successfully","timestamp":"2025-10-05 15:10:05"}
{"level":"info","message":"server is running at http://localhost:5000","timestamp":"2025-10-05 15:10:05"}
{"level":"info","message":"Database connected successfully","timestamp":"2025-10-05 15:10:49"}
{"level":"info","message":"server is running at http://localhost:5000","timestamp":"2025-10-05 15:10:49"}
{"level":"info","message":"Database connected successfully","timestamp":"2025-10-05 15:59:25"}
{"level":"info","message":"server is running at http://localhost:5000","timestamp":"2025-10-05 15:59:25"}
{"level":"info","message":"Database connected successfully","timestamp":"2025-10-05 16:05:11"}
{"level":"info","message":"server is running at http://localhost:5000","timestamp":"2025-10-05 16:05:11"}
{"level":"info","message":"Database connected successfully","timestamp":"2025-10-05 16:06:02"}
{"level":"info","message":"server is running at http://localhost:5000","timestamp":"2025-10-05 16:06:02"}
{"level":"info","message":"Database connected successfully","timestamp":"2025-10-05 16:08:49"}
{"level":"info","message":"server is running at http://localhost:5000","timestamp":"2025-10-05 16:08:49"}
{"level":"info","message":"Database connected successfully","timestamp":"2025-10-05 16:08:54"}
{"level":"info","message":"server is running at http://localhost:5000","timestamp":"2025-10-05 16:08:54"}
{"level":"info","message":"Database connected successfully","timestamp":"2025-10-06 11:36:59"}
{"level":"info","message":"server is running at http://localhost:5000","timestamp":"2025-10-06 11:36:59"}
{"level":"info","message":"Database connected successfully","timestamp":"2025-10-06 11:40:20"}
{"level":"info","message":"server is running at http://localhost:5000","timestamp":"2025-10-06 11:40:20"}
{"level":"info","message":"Database connected successfully","timestamp":"2025-10-06 11:40:57"}
{"level":"info","message":"server is running at http://localhost:5000","timestamp":"2025-10-06 11:40:57"}
{"level":"info","message":"Database connected successfully","timestamp":"2025-10-06 11:56:21"}
{"level":"info","message":"server is running at http://localhost:5000","timestamp":"2025-10-06 11:56:21"}
{"level":"info","message":"Database connected successfully","timestamp":"2025-10-06 12:06:41"}
{"level":"info","message":"server is running at http://localhost:5000","timestamp":"2025-10-06 12:06:41"}
{"level":"info","message":"Database connected successfully","timestamp":"2025-10-06 12:07:26"}
{"level":"info","message":"server is running at http://localhost:5000","timestamp":"2025-10-06 12:07:26"}
{"level":"warn","message":"Validation Failed! Cleaning up uploaded files...","timestamp":"2025-10-06 12:07:33"}
{"level":"info","message":"File was deleted: uploads\\product_images\\productImage-1759730853317-500378903.jpg","timestamp":"2025-10-06 12:07:33"}
{"level":"info","message":"Database connected successfully","timestamp":"2025-10-06 14:03:36"}
{"level":"info","message":"server is running at http://localhost:5000","timestamp":"2025-10-06 14:03:36"}
{"level":"info","message":"Database connected successfully","timestamp":"2025-10-06 14:04:24"}
{"level":"info","message":"server is running at http://localhost:5000","timestamp":"2025-10-06 14:04:24"}
{"level":"warn","message":"Validation Failed! Cleaning up uploaded files...","timestamp":"2025-10-06 14:04:26"}
{"level":"info","message":"File was deleted: uploads\\product_images\\productImage-1759737866322-928259725.jpg","timestamp":"2025-10-06 14:04:26"}
{"level":"info","message":"Database connected successfully","timestamp":"2025-10-06 14:05:25"}
{"level":"info","message":"server is running at http://localhost:5000","timestamp":"2025-10-06 14:05:25"}
{"level":"info","message":"Database connected successfully","timestamp":"2025-10-06 14:57:06"}
{"level":"info","message":"server is running at http://localhost:5000","timestamp":"2025-10-06 14:57:06"}
{"level":"info","message":"Database connected successfully","timestamp":"2025-10-06 14:57:46"}
{"level":"info","message":"server is running at http://localhost:5000","timestamp":"2025-10-06 14:57:46"}
{"level":"warn","message":"Validation Failed! Cleaning up uploaded files...","timestamp":"2025-10-06 14:57:47"}
{"level":"info","message":"File was deleted: uploads\\product_images\\productImage-1759741067395-488917497.jpg","timestamp":"2025-10-06 14:57:47"}
{"level":"info","message":"Database connected successfully","timestamp":"2025-10-06 15:07:02"}
{"level":"info","message":"server is running at http://localhost:5000","timestamp":"2025-10-06 15:07:02"}
{"level":"warn","message":"Validation Failed! Cleaning up uploaded files...","timestamp":"2025-10-06 15:07:25"}
{"level":"info","message":"File was deleted: uploads\\product_images\\productImage-1759741645245-181155503.jpg","timestamp":"2025-10-06 15:07:25"}
{"level":"info","message":"Database connected successfully","timestamp":"2025-10-06 15:29:34"}
{"level":"info","message":"server is running at http://localhost:5000","timestamp":"2025-10-06 15:29:34"}
{"level":"info","message":"Database connected successfully","timestamp":"2025-10-06 15:39:48"}
{"level":"info","message":"server is running at http://localhost:5000","timestamp":"2025-10-06 15:39:48"}
{"level":"info","message":"Database connected successfully","timestamp":"2025-10-06 16:01:03"}
{"level":"info","message":"server is running at http://localhost:5000","timestamp":"2025-10-06 16:01:03"}
{"level":"info","message":"Database connected successfully","timestamp":"2025-10-06 16:01:23"}
{"level":"info","message":"server is running at http://localhost:5000","timestamp":"2025-10-06 16:01:23"}
{"level":"warn","message":"Validation Failed! Cleaning up uploaded files...","timestamp":"2025-10-06 16:01:32"}
{"level":"info","message":"File was deleted: uploads\\product_images\\productImage-1759744892833-993987376.jpg","timestamp":"2025-10-06 16:01:32"}
{"level":"warn","message":"Validation Failed! Cleaning up uploaded files...","timestamp":"2025-10-06 16:03:49"}
{"level":"info","message":"File was deleted: uploads\\product_images\\productImage-1759745029199-533793089.jpg","timestamp":"2025-10-06 16:03:49"}
{"level":"warn","message":"Validation Failed! Cleaning up uploaded files...","timestamp":"2025-10-06 16:04:04"}
{"level":"info","message":"File was deleted: uploads\\product_images\\productImage-1759745044163-628302295.jpg","timestamp":"2025-10-06 16:04:04"}
{"level":"info","message":"Database connected successfully","timestamp":"2025-10-06 16:05:42"}
{"level":"info","message":"server is running at http://localhost:5000","timestamp":"2025-10-06 16:05:42"}
{"level":"info","message":"Database connected successfully","timestamp":"2025-10-06 16:05:45"}
{"level":"info","message":"server is running at http://localhost:5000","timestamp":"2025-10-06 16:05:45"}
{"level":"info","message":"Database connected successfully","timestamp":"2025-10-07 09:16:52"}
{"level":"info","message":"server is running at http://localhost:5000","timestamp":"2025-10-07 09:16:52"}
{"level":"info","message":"Database connected successfully","timestamp":"2025-10-07 09:17:06"}
{"level":"info","message":"server is running at http://localhost:5000","timestamp":"2025-10-07 09:17:06"}
{"level":"info","message":"Database connected successfully","timestamp":"2025-10-07 09:18:32"}
{"level":"info","message":"server is running at http://localhost:5000","timestamp":"2025-10-07 09:18:32"}
{"level":"info","message":"Database connected successfully","timestamp":"2025-10-07 09:19:02"}
{"level":"info","message":"server is running at http://localhost:5000","timestamp":"2025-10-07 09:19:02"}
{"level":"info","message":"Database connected successfully","timestamp":"2025-10-07 09:23:32"}
{"level":"info","message":"server is running at http://localhost:5000","timestamp":"2025-10-07 09:23:32"}
{"level":"info","message":"Database connected successfully","timestamp":"2025-10-07 09:23:51"}
{"level":"info","message":"server is running at http://localhost:5000","timestamp":"2025-10-07 09:23:51"}
{"level":"info","message":"Database connected successfully","timestamp":"2025-10-07 09:27:47"}
{"level":"info","message":"server is running at http://localhost:5000","timestamp":"2025-10-07 09:27:47"}
{"level":"info","message":"Database connected successfully","timestamp":"2025-10-07 09:39:03"}
{"level":"info","message":"server is running at http://localhost:5000","timestamp":"2025-10-07 09:39:03"}
{"level":"info","message":"Database connected successfully","timestamp":"2025-10-07 11:49:50"}
{"level":"info","message":"server is running at http://localhost:5000","timestamp":"2025-10-07 11:49:50"}
{"level":"info","message":"Database connected successfully","timestamp":"2025-10-07 14:20:36"}
{"level":"info","message":"server is running at http://localhost:5000","timestamp":"2025-10-07 14:20:36"}
{"level":"info","message":"Database connected successfully","timestamp":"2025-10-07 14:22:23"}
{"level":"info","message":"server is running at http://localhost:5000","timestamp":"2025-10-07 14:22:23"}
{"level":"info","message":"Database connected successfully","timestamp":"2025-10-07 14:23:56"}
{"level":"info","message":"server is running at http://localhost:5000","timestamp":"2025-10-07 14:23:56"}
{"level":"info","message":"Database connected successfully","timestamp":"2025-10-07 14:28:25"}
{"level":"info","message":"server is running at http://localhost:5000","timestamp":"2025-10-07 14:28:25"}
{"level":"info","message":"Database connected successfully","timestamp":"2025-10-07 14:34:26"}
{"level":"info","message":"server is running at http://localhost:5000","timestamp":"2025-10-07 14:34:26"}
{"level":"info","message":"Database connected successfully","timestamp":"2025-10-07 14:39:38"}
{"level":"info","message":"server is running at http://localhost:5000","timestamp":"2025-10-07 14:39:38"}
{"level":"info","message":"Database connected successfully","timestamp":"2025-10-07 14:59:14"}
{"level":"info","message":"server is running at http://localhost:5000","timestamp":"2025-10-07 14:59:14"}
{"level":"info","message":"Database connected successfully","timestamp":"2025-10-07 15:13:13"}
{"level":"info","message":"server is running at http://localhost:5000","timestamp":"2025-10-07 15:13:13"}
{"level":"info","message":"Database connected successfully","timestamp":"2025-10-07 15:40:32"}
{"level":"info","message":"server is running at http://localhost:5000","timestamp":"2025-10-07 15:40:32"}
{"level":"info","message":"Database connected successfully","timestamp":"2025-10-07 15:41:01"}
{"level":"info","message":"server is running at http://localhost:5000","timestamp":"2025-10-07 15:41:01"}
{"level":"info","message":"Database connected successfully","timestamp":"2025-10-07 15:41:59"}
{"level":"info","message":"server is running at http://localhost:5000","timestamp":"2025-10-07 15:41:59"}
{"level":"info","message":"Database connected successfully","timestamp":"2025-10-07 17:23:53"}
{"level":"info","message":"server is running at http://localhost:5000","timestamp":"2025-10-07 17:23:53"}
{"level":"info","message":"Database connected successfully","timestamp":"2025-10-07 18:26:04"}
{"level":"info","message":"server is running at http://localhost:5000","timestamp":"2025-10-07 18:26:04"}
{"level":"info","message":"Database connected successfully","timestamp":"2025-10-07 18:44:04"}
{"level":"info","message":"server is running at http://localhost:5000","timestamp":"2025-10-07 18:44:04"}
{"level":"info","message":"Database connected successfully","timestamp":"2025-10-07 18:44:38"}
{"level":"info","message":"server is running at http://localhost:5000","timestamp":"2025-10-07 18:44:38"}
{"level":"info","message":"Database connected successfully","timestamp":"2025-10-07 18:46:46"}
{"level":"info","message":"server is running at http://localhost:5000","timestamp":"2025-10-07 18:46:46"}
{"level":"info","message":"Database connected successfully","timestamp":"2025-10-07 18:47:57"}
{"level":"info","message":"server is running at http://localhost:5000","timestamp":"2025-10-07 18:47:57"}
{"level":"info","message":"Database connected successfully","timestamp":"2025-10-07 18:48:13"}
{"level":"info","message":"server is running at http://localhost:5000","timestamp":"2025-10-07 18:48:13"}
{"level":"info","message":"Database connected successfully","timestamp":"2025-10-07 21:08:28"}
{"level":"info","message":"server is running at http://localhost:5000","timestamp":"2025-10-07 21:08:28"}
{"level":"info","message":"Database connected successfully","timestamp":"2025-10-07 21:09:49"}
{"level":"info","message":"server is running at http://localhost:5000","timestamp":"2025-10-07 21:09:49"}
{"level":"info","message":"Database connected successfully","timestamp":"2025-10-07 21:13:56"}
{"level":"info","message":"server is running at http://localhost:5000","timestamp":"2025-10-07 21:13:56"}
{"level":"info","message":"Database connected successfully","timestamp":"2025-10-07 21:16:08"}
{"level":"info","message":"server is running at http://localhost:5000","timestamp":"2025-10-07 21:16:08"}
{"level":"info","message":"Database connected successfully","timestamp":"2025-10-07 21:16:47"}
{"level":"info","message":"server is running at http://localhost:5000","timestamp":"2025-10-07 21:16:47"}
{"level":"info","message":"Database connected successfully","timestamp":"2025-10-07 21:17:47"}
{"level":"info","message":"server is running at http://localhost:5000","timestamp":"2025-10-07 21:17:47"}
{"level":"info","message":"Database connected successfully","timestamp":"2025-10-08 08:34:39"}
{"level":"info","message":"server is running at http://localhost:5000","timestamp":"2025-10-08 08:34:39"}
{"level":"info","message":"Database connected successfully","timestamp":"2025-10-08 08:36:13"}
{"level":"info","message":"server is running at http://localhost:5000","timestamp":"2025-10-08 08:36:13"}
{"level":"info","message":"Database connected successfully","timestamp":"2025-10-08 08:48:18"}
{"level":"info","message":"server is running at http://localhost:5000","timestamp":"2025-10-08 08:48:18"}
{"level":"info","message":"Database connected successfully","timestamp":"2025-10-08 08:50:18"}
{"level":"info","message":"server is running at http://localhost:5000","timestamp":"2025-10-08 08:50:18"}
{"level":"info","message":"Database connected successfully","timestamp":"2025-10-08 08:50:57"}
{"level":"info","message":"server is running at http://localhost:5000","timestamp":"2025-10-08 08:50:57"}
{"level":"info","message":"Database connected successfully","timestamp":"2025-10-08 08:56:18"}
{"level":"info","message":"server is running at http://localhost:5000","timestamp":"2025-10-08 08:56:18"}
{"level":"info","message":"Database connected successfully","timestamp":"2025-10-08 08:58:09"}
{"level":"info","message":"server is running at http://localhost:5000","timestamp":"2025-10-08 08:58:09"}
{"level":"info","message":"Database connected successfully","timestamp":"2025-10-08 08:58:34"}
{"level":"info","message":"server is running at http://localhost:5000","timestamp":"2025-10-08 08:58:34"}
{"level":"info","message":"Database connected successfully","timestamp":"2025-10-08 09:00:07"}
{"level":"info","message":"server is running at http://localhost:5000","timestamp":"2025-10-08 09:00:07"}
{"level":"info","message":"Database connected successfully","timestamp":"2025-10-08 14:33:44"}
{"level":"info","message":"server is running at http://localhost:5000","timestamp":"2025-10-08 14:33:44"}
{"level":"info","message":"Database connected successfully","timestamp":"2025-10-08 14:34:15"}
{"level":"info","message":"server is running at http://localhost:5000","timestamp":"2025-10-08 14:34:15"}
{"level":"info","message":"Database connected successfully","timestamp":"2025-10-08 15:06:34"}
{"level":"info","message":"server is running at http://localhost:5000","timestamp":"2025-10-08 15:06:34"}
{"level":"info","message":"Database connected successfully","timestamp":"2025-10-08 15:15:53"}
{"level":"info","message":"server is running at http://localhost:5000","timestamp":"2025-10-08 15:15:53"}
{"level":"info","message":"Database connected successfully","timestamp":"2025-10-08 15:17:43"}
{"level":"info","message":"server is running at http://localhost:5000","timestamp":"2025-10-08 15:17:43"}
{"level":"info","message":"Database connected successfully","timestamp":"2025-10-08 15:35:54"}
{"level":"info","message":"server is running at http://localhost:5000","timestamp":"2025-10-08 15:35:54"}
{"level":"info","message":"Database connected successfully","timestamp":"2025-10-08 15:39:03"}
{"level":"info","message":"server is running at http://localhost:5000","timestamp":"2025-10-08 15:39:03"}
{"level":"info","message":"Database connected successfully","timestamp":"2025-10-08 15:40:24"}
{"level":"info","message":"server is running at http://localhost:5000","timestamp":"2025-10-08 15:40:24"}
{"level":"info","message":"Database connected successfully","timestamp":"2025-10-08 16:15:39"}
{"level":"info","message":"server is running at http://localhost:5000","timestamp":"2025-10-08 16:15:39"}
{"level":"info","message":"Database connected successfully","timestamp":"2025-10-08 16:15:43"}
{"level":"info","message":"server is running at http://localhost:5000","timestamp":"2025-10-08 16:15:43"}
{"level":"info","message":"Database connected successfully","timestamp":"2025-10-08 16:20:22"}
{"level":"info","message":"server is running at http://localhost:5000","timestamp":"2025-10-08 16:20:22"}
{"level":"info","message":"Database connected successfully","timestamp":"2025-10-08 17:25:09"}
{"level":"info","message":"server is running at http://localhost:5000","timestamp":"2025-10-08 17:25:09"}
{"level":"info","message":"Database connected successfully","timestamp":"2025-10-08 17:35:38"}
{"level":"info","message":"server is running at http://localhost:5000","timestamp":"2025-10-08 17:35:38"}
{"level":"info","message":"Database connected successfully","timestamp":"2025-10-08 17:35:54"}
{"level":"info","message":"server is running at http://localhost:5000","timestamp":"2025-10-08 17:35:54"}
{"level":"info","message":"Database connected successfully","timestamp":"2025-10-09 08:22:41"}
{"level":"info","message":"server is running at http://localhost:5000","timestamp":"2025-10-09 08:22:41"}
{"level":"info","message":"Database connected successfully","timestamp":"2025-10-09 08:44:30"}
{"level":"info","message":"server is running at http://localhost:5000","timestamp":"2025-10-09 08:44:30"}
{"level":"info","message":"Database connected successfully","timestamp":"2025-10-09 08:46:25"}
{"level":"info","message":"server is running at http://localhost:5000","timestamp":"2025-10-09 08:46:25"}
{"level":"info","message":"Database connected successfully","timestamp":"2025-10-09 08:52:50"}
{"level":"info","message":"server is running at http://localhost:5000","timestamp":"2025-10-09 08:52:50"}
{"level":"info","message":"Database connected successfully","timestamp":"2025-10-09 08:54:31"}
{"level":"info","message":"server is running at http://localhost:5000","timestamp":"2025-10-09 08:54:31"}
{"level":"info","message":"Database connected successfully","timestamp":"2025-10-09 09:07:00"}
{"level":"info","message":"server is running at http://localhost:5000","timestamp":"2025-10-09 09:07:00"}
{"level":"info","message":"Database connected successfully","timestamp":"2025-10-09 11:47:19"}
{"level":"info","message":"server is running at http://localhost:5000","timestamp":"2025-10-09 11:47:19"}
{"level":"info","message":"Database connected successfully","timestamp":"2025-10-09 12:05:38"}
{"level":"info","message":"server is running at http://localhost:5000","timestamp":"2025-10-09 12:05:38"}
{"level":"info","message":"Database connected successfully","timestamp":"2025-10-09 12:06:28"}
{"level":"info","message":"server is running at http://localhost:5000","timestamp":"2025-10-09 12:06:28"}
{"level":"info","message":"Database connected successfully","timestamp":"2025-10-09 12:07:06"}
{"level":"info","message":"server is running at http://localhost:5000","timestamp":"2025-10-09 12:07:06"}
{"level":"error","message":"Error parsing JSON for variant ID 45: Assignment to constant variable.","timestamp":"2025-10-09 12:07:07"}
{"level":"error","message":"Error parsing JSON for variant ID 46: Assignment to constant variable.","timestamp":"2025-10-09 12:07:07"}
{"level":"info","message":"Database connected successfully","timestamp":"2025-10-09 12:08:00"}
{"level":"info","message":"server is running at http://localhost:5000","timestamp":"2025-10-09 12:08:00"}
{"level":"info","message":"Database connected successfully","timestamp":"2025-10-09 12:08:24"}
{"level":"info","message":"server is running at http://localhost:5000","timestamp":"2025-10-09 12:08:24"}
{"level":"info","message":"Database connected successfully","timestamp":"2025-10-09 12:09:49"}
{"level":"info","message":"server is running at http://localhost:5000","timestamp":"2025-10-09 12:09:49"}
{"level":"info","message":"Database connected successfully","timestamp":"2025-10-09 12:18:53"}
{"level":"info","message":"server is running at http://localhost:5000","timestamp":"2025-10-09 12:18:53"}
{"level":"info","message":"Database connected successfully","timestamp":"2025-10-09 12:20:18"}
{"level":"info","message":"server is running at http://localhost:5000","timestamp":"2025-10-09 12:20:18"}
{"level":"info","message":"Database connected successfully","timestamp":"2025-10-09 12:27:01"}
{"level":"info","message":"server is running at http://localhost:5000","timestamp":"2025-10-09 12:27:01"}
{"level":"info","message":"Database connected successfully","timestamp":"2025-10-09 12:29:36"}
{"level":"info","message":"server is running at http://localhost:5000","timestamp":"2025-10-09 12:29:36"}
{"level":"info","message":"Database connected successfully","timestamp":"2025-10-09 12:30:11"}
{"level":"info","message":"server is running at http://localhost:5000","timestamp":"2025-10-09 12:30:11"}
{"level":"info","message":"Database connected successfully","timestamp":"2025-10-09 16:18:48"}
{"level":"info","message":"server is running at http://localhost:5000","timestamp":"2025-10-09 16:18:48"}
{"level":"info","message":"Database connected successfully","timestamp":"2025-10-09 17:15:52"}
{"level":"info","message":"server is running at http://localhost:5000","timestamp":"2025-10-09 17:15:52"}
{"level":"info","message":"Database connected successfully","timestamp":"2025-10-09 17:16:52"}
{"level":"info","message":"server is running at http://localhost:5000","timestamp":"2025-10-09 17:16:52"}
{"level":"info","message":"Database connected successfully","timestamp":"2025-10-09 17:16:55"}
{"level":"info","message":"server is running at http://localhost:5000","timestamp":"2025-10-09 17:16:55"}
{"level":"info","message":"Database connected successfully","timestamp":"2025-10-09 17:21:05"}
{"level":"info","message":"server is running at http://localhost:5000","timestamp":"2025-10-09 17:21:05"}
{"level":"info","message":"Database connected successfully","timestamp":"2025-10-09 17:25:16"}
{"level":"info","message":"server is running at http://localhost:5000","timestamp":"2025-10-09 17:25:16"}
{"level":"info","message":"Database connected successfully","timestamp":"2025-10-10 07:51:40"}
{"level":"info","message":"server is running at http://localhost:5000","timestamp":"2025-10-10 07:51:40"}
{"level":"info","message":"Database connected successfully","timestamp":"2025-10-10 08:05:45"}
{"level":"info","message":"server is running at http://localhost:5000","timestamp":"2025-10-10 08:05:45"}
{"level":"info","message":"Successfully deleted file: C:\\Users\\Shahadat Hossain\\Desktop\\E-commerce\\backend\\src\\uploads\\product_images\\productImage-1759835781217-899027220.jpg","timestamp":"2025-10-10 08:06:03"}
{"level":"warn","message":"No images found for product ID 22","timestamp":"2025-10-10 08:11:33"}
{"level":"info","message":"Successfully deleted file: C:\\Users\\Shahadat Hossain\\Desktop\\E-commerce\\backend\\src\\uploads\\product_images\\productImage-1760062228048-299713609.jpg","timestamp":"2025-10-10 08:12:10"}
{"level":"info","message":"Successfully deleted file: C:\\Users\\Shahadat Hossain\\Desktop\\E-commerce\\backend\\src\\uploads\\product_images\\productImage-1760062228072-772506375.jpg","timestamp":"2025-10-10 08:12:10"}
{"level":"info","message":"Database connected successfully","timestamp":"2025-10-10 08:12:38"}
{"level":"info","message":"server is running at http://localhost:5000","timestamp":"2025-10-10 08:12:38"}
{"level":"info","message":"Database connected successfully","timestamp":"2025-10-10 08:13:15"}
{"level":"info","message":"server is running at http://localhost:5000","timestamp":"2025-10-10 08:13:15"}
{"level":"info","message":"Database connected successfully","timestamp":"2025-10-10 08:13:35"}
{"level":"info","message":"server is running at http://localhost:5000","timestamp":"2025-10-10 08:13:35"}
{"level":"warn","message":"No images found for product ID 23","timestamp":"2025-10-10 08:14:19"}
{"level":"info","message":"Database connected successfully","timestamp":"2025-10-10 08:14:29"}
{"level":"info","message":"server is running at http://localhost:5000","timestamp":"2025-10-10 08:14:29"}
{"level":"warn","message":"No images found for product ID 23","timestamp":"2025-10-10 08:14:32"}
{"level":"info","message":"Database connected successfully","timestamp":"2025-10-10 11:10:24"}
{"level":"info","message":"server is running at http://localhost:5000","timestamp":"2025-10-10 11:10:24"}
{"level":"info","message":"Database connected successfully","timestamp":"2025-10-10 11:15:26"}
{"level":"info","message":"server is running at http://localhost:5000","timestamp":"2025-10-10 11:15:26"}
{"level":"info","message":"Database connected successfully","timestamp":"2025-10-10 11:16:39"}
{"level":"info","message":"server is running at http://localhost:5000","timestamp":"2025-10-10 11:16:39"}
{"level":"info","message":"Database connected successfully","timestamp":"2025-10-10 11:17:05"}
{"level":"info","message":"server is running at http://localhost:5000","timestamp":"2025-10-10 11:17:05"}
{"level":"info","message":"Database connected successfully","timestamp":"2025-10-10 11:42:26"}
{"level":"info","message":"server is running at http://localhost:5000","timestamp":"2025-10-10 11:42:26"}
{"level":"info","message":"Database connected successfully","timestamp":"2025-10-10 18:52:45"}
{"level":"info","message":"server is running at http://localhost:5000","timestamp":"2025-10-10 18:52:45"}
{"level":"info","message":"Database connected successfully","timestamp":"2025-10-10 20:07:37"}
{"level":"info","message":"server is running at http://localhost:5000","timestamp":"2025-10-10 20:07:37"}
{"level":"info","message":"Database connected successfully","timestamp":"2025-10-10 21:48:23"}
{"level":"info","message":"server is running at http://localhost:5000","timestamp":"2025-10-10 21:48:23"}
{"level":"info","message":"Database connected successfully","timestamp":"2025-10-10 22:05:26"}
{"level":"info","message":"server is running at http://localhost:5000","timestamp":"2025-10-10 22:05:26"}
{"level":"info","message":"Database connected successfully","timestamp":"2025-10-10 22:33:08"}
{"level":"info","message":"server is running at http://localhost:5000","timestamp":"2025-10-10 22:33:08"}
{"level":"info","message":"Database connected successfully","timestamp":"2025-10-10 22:43:20"}
{"level":"info","message":"server is running at http://localhost:5000","timestamp":"2025-10-10 22:43:20"}
{"level":"info","message":"Database connected successfully","timestamp":"2025-10-10 23:24:10"}
{"level":"info","message":"server is running at http://localhost:5000","timestamp":"2025-10-10 23:24:10"}
{"level":"info","message":"Database connected successfully","timestamp":"2025-10-10 23:25:02"}
{"level":"info","message":"server is running at http://localhost:5000","timestamp":"2025-10-10 23:25:02"}
{"level":"info","message":"Database connected successfully","timestamp":"2025-10-10 23:25:52"}
{"level":"info","message":"server is running at http://localhost:5000","timestamp":"2025-10-10 23:25:52"}
{"level":"info","message":"Database connected successfully","timestamp":"2025-10-11 21:23:26"}
{"level":"info","message":"server is running at http://localhost:5000","timestamp":"2025-10-11 21:23:26"}
{"level":"info","message":"Database connected successfully","timestamp":"2025-10-11 21:26:39"}
{"level":"info","message":"server is running at http://localhost:5000","timestamp":"2025-10-11 21:26:39"}
{"level":"info","message":"Database connected successfully","timestamp":"2025-10-11 21:30:20"}
{"level":"info","message":"server is running at http://localhost:5000","timestamp":"2025-10-11 21:30:20"}
{"level":"info","message":"Database connected successfully","timestamp":"2025-10-11 21:40:18"}
{"level":"info","message":"server is running at http://localhost:5000","timestamp":"2025-10-11 21:40:18"}
{"level":"info","message":"Database connected successfully","timestamp":"2025-10-11 21:51:57"}
{"level":"info","message":"server is running at http://localhost:5000","timestamp":"2025-10-11 21:51:57"}
{"level":"info","message":"Database connected successfully","timestamp":"2025-10-11 21:52:27"}
{"level":"info","message":"server is running at http://localhost:5000","timestamp":"2025-10-11 21:52:27"}
{"level":"info","message":"Database connected successfully","timestamp":"2025-10-11 22:04:26"}
{"level":"info","message":"server is running at http://localhost:5000","timestamp":"2025-10-11 22:04:26"}
{"level":"info","message":"Database connected successfully","timestamp":"2025-10-11 22:07:24"}
{"level":"info","message":"server is running at http://localhost:5000","timestamp":"2025-10-11 22:07:24"}
{"level":"info","message":"Database connected successfully","timestamp":"2025-10-13 08:01:20"}
{"level":"info","message":"server is running at http://localhost:5000","timestamp":"2025-10-13 08:01:20"}
{"level":"info","message":"Database connected successfully","timestamp":"2025-10-13 08:09:33"}
{"level":"info","message":"server is running at http://localhost:5000","timestamp":"2025-10-13 08:09:33"}
{"level":"info","message":"Database connected successfully","timestamp":"2025-10-13 08:10:04"}
{"level":"info","message":"server is running at http://localhost:5000","timestamp":"2025-10-13 08:10:04"}
{"level":"info","message":"Database connected successfully","timestamp":"2025-10-13 08:12:20"}
{"level":"info","message":"server is running at http://localhost:5000","timestamp":"2025-10-13 08:12:20"}
{"level":"info","message":"Database connected successfully","timestamp":"2025-10-13 09:33:22"}
{"level":"info","message":"server is running at http://localhost:5000","timestamp":"2025-10-13 09:33:22"}
{"level":"info","message":"Database connected successfully","timestamp":"2025-10-13 09:39:52"}
{"level":"info","message":"server is running at http://localhost:5000","timestamp":"2025-10-13 09:39:52"}
{"level":"info","message":"Database connected successfully","timestamp":"2025-10-13 09:40:34"}
{"level":"info","message":"server is running at http://localhost:5000","timestamp":"2025-10-13 09:40:34"}
{"level":"info","message":"Database connected successfully","timestamp":"2025-10-13 09:41:07"}
{"level":"info","message":"server is running at http://localhost:5000","timestamp":"2025-10-13 09:41:07"}
{"level":"info","message":"Database connected successfully","timestamp":"2025-10-13 09:43:17"}
{"level":"info","message":"server is running at http://localhost:5000","timestamp":"2025-10-13 09:43:17"}
{"level":"info","message":"Database connected successfully","timestamp":"2025-10-13 09:44:08"}
{"level":"info","message":"server is running at http://localhost:5000","timestamp":"2025-10-13 09:44:08"}
{"level":"info","message":"Database connected successfully","timestamp":"2025-10-13 09:50:08"}
{"level":"info","message":"server is running at http://localhost:5000","timestamp":"2025-10-13 09:50:08"}
{"level":"info","message":"Database connected successfully","timestamp":"2025-10-13 09:51:05"}
{"level":"info","message":"server is running at http://localhost:5000","timestamp":"2025-10-13 09:51:05"}
{"level":"info","message":"Database connected successfully","timestamp":"2025-10-13 09:51:28"}
{"level":"info","message":"server is running at http://localhost:5000","timestamp":"2025-10-13 09:51:28"}
{"level":"info","message":"Database connected successfully","timestamp":"2025-10-13 09:53:04"}
{"level":"info","message":"server is running at http://localhost:5000","timestamp":"2025-10-13 09:53:04"}
{"level":"info","message":"Database connected successfully","timestamp":"2025-10-13 09:54:42"}
{"level":"info","message":"server is running at http://localhost:5000","timestamp":"2025-10-13 09:54:42"}
{"level":"info","message":"Database connected successfully","timestamp":"2025-10-13 09:56:10"}
{"level":"info","message":"server is running at http://localhost:5000","timestamp":"2025-10-13 09:56:10"}
{"level":"info","message":"Database connected successfully","timestamp":"2025-10-13 09:56:27"}
{"level":"info","message":"server is running at http://localhost:5000","timestamp":"2025-10-13 09:56:27"}
{"level":"info","message":"Database connected successfully","timestamp":"2025-10-13 09:57:16"}
{"level":"info","message":"server is running at http://localhost:5000","timestamp":"2025-10-13 09:57:16"}
{"level":"info","message":"Database connected successfully","timestamp":"2025-10-13 09:57:36"}
{"level":"info","message":"server is running at http://localhost:5000","timestamp":"2025-10-13 09:57:36"}
{"level":"info","message":"Successfully deleted image file from server: C:\\Users\\Shahadat Hossain\\Desktop\\E-commerce\\backend\\src\\uploads\\product_images\\productImage-1760100904689-235239927.jpg","timestamp":"2025-10-13 09:57:52"}
{"level":"info","message":"Database connected successfully","timestamp":"2025-10-13 10:05:37"}
{"level":"info","message":"server is running at http://localhost:5000","timestamp":"2025-10-13 10:05:37"}
{"level":"info","message":"Database connected successfully","timestamp":"2025-10-13 10:12:44"}
{"level":"info","message":"server is running at http://localhost:5000","timestamp":"2025-10-13 10:12:44"}
{"level":"info","message":"Database connected successfully","timestamp":"2025-10-13 10:21:13"}
{"level":"info","message":"server is running at http://localhost:5000","timestamp":"2025-10-13 10:21:13"}
{"level":"info","message":"Database connected successfully","timestamp":"2025-10-13 10:21:43"}
{"level":"info","message":"server is running at http://localhost:5000","timestamp":"2025-10-13 10:21:43"}
{"level":"info","message":"Database connected successfully","timestamp":"2025-10-13 10:24:07"}
{"level":"info","message":"server is running at http://localhost:5000","timestamp":"2025-10-13 10:24:07"}
{"level":"info","message":"Successfully deleted image file from server: C:\\Users\\Shahadat Hossain\\Desktop\\E-commerce\\backend\\src\\uploads\\product_images\\productImage-1760329448930-283003739.jpg","timestamp":"2025-10-13 10:24:08"}
{"level":"info","message":"Successfully deleted image file from server: C:\\Users\\Shahadat Hossain\\Desktop\\E-commerce\\backend\\src\\uploads\\product_images\\productImage-1760329495903-289370457.jpg","timestamp":"2025-10-13 10:24:55"}
{"level":"error","message":"Failed to delete image file from server C:\\Users\\Shahadat Hossain\\Desktop\\E-commerce\\backend\\src\\uploads\\product_images\\productImage-1760327872518-990775902.jpg: ENOENT: no such file or directory, unlink 'C:\\Users\\Shahadat Hossain\\Desktop\\E-commerce\\backend\\src\\uploads\\product_images\\productImage-1760327872518-990775902.jpg'","timestamp":"2025-10-13 10:25:09"}
{"level":"info","message":"Successfully deleted image file from server: C:\\Users\\Shahadat Hossain\\Desktop\\E-commerce\\backend\\src\\uploads\\product_images\\productImage-1760329509659-340605776.jpg","timestamp":"2025-10-13 10:28:06"}
{"level":"info","message":"Successfully deleted image file from server: C:\\Users\\Shahadat Hossain\\Desktop\\E-commerce\\backend\\src\\uploads\\product_images\\productImage-1760329754541-759258630.jpg","timestamp":"2025-10-13 10:29:14"}
{"level":"info","message":"Successfully deleted image file from server: C:\\Users\\Shahadat Hossain\\Desktop\\E-commerce\\backend\\src\\uploads\\product_images\\productImage-1760329767217-514858108.jpg","timestamp":"2025-10-13 10:29:27"}
